### ISSUE TITLE
Electron <=37.x.x crashes on start under 4 KB page-size kernels

### ISSUE THREAD

**Issue by darkyzhou** [darkyzhou/electron-loong64#6]
Electron binary crashes on start under a 4 KB page-size kernel. Didn't find out what is the cause yet.

GDB logs:

```

Thread 1 "electron" received signal SIGBUS, Bus error.
(gdb) bt
#0  0x0000555558177014 in uv.loop_interrupt ()
#1  0x000055555816ce28 in uv_async_send ()

(gdb) info registers 
r0             0x0                 0
r1             0x55555816ce28      0x55555816ce28 <uv_async_send+72>
r2             0x7ffff76e3780      0x7ffff76e3780
r3             0x7ffffffd9720      0x7ffffffd9720
r4             0x4ff5f4ffffffffff  5761780678639222783
r5             0x1                 1
r6             0xc000b0bb8         51540331448
r7             0x0                 0
r8             0xc001c0964         51541444964
r9             0x3fc000            4177920
r10            0x0                 0
r11            0xfffffffffffff000  18446744073709547520
r12            0x0                 0
r13            0x0                 0
r14            0x7fffffff          2147483647
r15            0x0                 0
r16            0x1                 1
r17            0xa000233           167772723
r18            0x4632              17970
r19            0x18                24
r20            0x55555ce2d8b4      93825118951604
r21            0x0                 0
r22            0x7ffffffd9770      0x7ffffffd9770
r23            0x4ff5f4ffffffffff  5761780678639222783
r24            0xc002b0388         51542426504
r25            0x1                 1
r26            0xffffffffffffffff  18446744073709551615
r27            0x8003040e0         34362900704
r28            0x800063200         34360144384
r29            0xffffffffaaaaa000  18446744072277893120
r30            0x55556289e018      93825213784088
r31            0x7ffff7fd9008      140737353977864
orig_a0        0xc00c70000         51552649216
pc             0x555558177014      0x555558177014 <uv.loop_interrupt+52>
badv           0x4ff5f500000001ff  0x4ff5f500000001ff

print $badv
$1 = (void (*)()) 0x4ff5f500000001ff

disassemble
Dump of assembler code for function uv__loop_interrupt:
   0x0000555558176fe0 <+0>:	addi.d      	$sp, $sp, -80
   0x0000555558176fe4 <+4>:	st.d        	$ra, $sp, 72
   0x0000555558176fe8 <+8>:	st.d        	$fp, $sp, 64
   0x0000555558176fec <+12>:	st.d        	$s0, $sp, 56
   0x0000555558176ff0 <+16>:	st.d        	$s1, $sp, 48
   0x0000555558176ff4 <+20>:	st.d        	$s2, $sp, 40
   0x0000555558176ff8 <+24>:	st.d        	$s3, $sp, 32
   0x0000555558176ffc <+28>:	st.d        	$s4, $sp, 24
   0x0000555558177000 <+32>:	st.d        	$s5, $sp, 16
   0x0000555558177004 <+36>:	st.d        	$s6, $sp, 8
   0x0000555558177008 <+40>:	st.d        	$s7, $sp, 0
   0x000055555817700c <+44>:	addi.d      	$fp, $sp, 80
   0x0000555558177010 <+48>:	move        	$s0, $a0
=> 0x0000555558177014 <+52>:	ld.w        	$s1, $a0, 512
   0x0000555558177018 <+56>:	li.w        	$s5, -1
   0x000055555817701c <+60>:	beq         	$s1, $s5, 20	# 0x555558177030 <uv__loop_interrupt+80>
   0x0000555558177020 <+64>:	li.w        	$s2, 0x1
   0x0000555558177024 <+68>:	pcalau12i   	$a0, -3759
   0x0000555558177028 <+72>:	addi.d      	$s3, $a0, -942
   0x000055555817702c <+76>:	b           	20	# 0x555558177040 <uv__loop_interrupt+96>
   0x0000555558177030 <+80>:	ld.w        	$s1, $s0, 504
   0x0000555558177034 <+84>:	li.w        	$s2, 0x8
   0x0000555558177038 <+88>:	pcalau12i   	$a0, -3641
   0x000055555817703c <+92>:	addi.d      	$s3, $a0, -824
   0x0000555558177040 <+96>:	lu32i.d     	$s5, 0
   0x0000555558177044 <+100>:	li.w        	$s7, 0x4
   0x0000555558177048 <+104>:	nop
   0x000055555817704c <+108>:	nop
   0x0000555558177050 <+112>:	move        	$a0, $s1
   0x0000555558177054 <+116>:	move        	$a1, $s3
   0x0000555558177058 <+120>:	move        	$a2, $s2
   0x000055555817705c <+124>:	pcaddu18i   	$ra, 668
   0x0000555558177060 <+128>:	jirl        	$ra, $ra, 71428
   0x0000555558177064 <+132>:	move        	$s4, $a0
   0x0000555558177068 <+136>:	bstrpick.d  	$s6, $a0, 0x1f, 0x0
   0x000055555817706c <+140>:	bne         	$s6, $s5, 20	# 0x555558177080 <uv__loop_interrupt+160>
   0x0000555558177070 <+144>:	pcaddu18i   	$ra, 668
   0x0000555558177074 <+148>:	jirl        	$ra, $ra, 70112
   0x0000555558177078 <+152>:	ld.w        	$a0, $a0, 0
   0x000055555817707c <+156>:	beq         	$a0, $s7, -44	# 0x555558177050 <uv__loop_interrupt+112>
   0x0000555558177080 <+160>:	addi.w      	$a0, $s4, 0
   0x0000555558177084 <+164>:	beq         	$a0, $s2, 44	# 0x5555581770b0 <uv__loop_interrupt+208>
   0x0000555558177088 <+168>:	move        	$a0, $s0
   0x000055555817708c <+172>:	pcaddu18i   	$ra, 0
   0x0000555558177090 <+176>:	jirl        	$ra, $ra, -38988
   0x0000555558177094 <+180>:	beqz        	$a0, 28	# 0x5555581770b0 <uv__loop_interrupt+208>
   0x0000555558177098 <+184>:	bne         	$s6, $s5, 72	# 0x5555581770e0 <uv__loop_interrupt+256>
   0x000055555817709c <+188>:	pcaddu18i   	$ra, 668
   0x00005555581770a0 <+192>:	jirl        	$ra, $ra, 70068
   0x00005555581770a4 <+196>:	ld.w        	$a0, $a0, 0
   0x00005555581770a8 <+200>:	li.w        	$a1, 0xb
   0x00005555581770ac <+204>:	bne         	$a0, $a1, 52	# 0x5555581770e0 <uv__loop_interrupt+256>
   0x00005555581770b0 <+208>:	ld.d        	$s7, $sp, 0
   0x00005555581770b4 <+212>:	ld.d        	$s6, $sp, 8
   0x00005555581770b8 <+216>:	ld.d        	$s5, $sp, 16
   0x00005555581770bc <+220>:	ld.d        	$s4, $sp, 24
   0x00005555581770c0 <+224>:	ld.d        	$s3, $sp, 32
   0x00005555581770c4 <+228>:	ld.d        	$s2, $sp, 40
   0x00005555581770c8 <+232>:	ld.d        	$s1, $sp, 48
   0x00005555581770cc <+236>:	ld.d        	$s0, $sp, 56
   0x00005555581770d0 <+240>:	ld.d        	$fp, $sp, 64
   0x00005555581770d4 <+244>:	ld.d        	$ra, $sp, 72
   0x00005555581770d8 <+248>:	addi.d      	$sp, $sp, 80
   0x00005555581770dc <+252>:	ret
   0x00005555581770e0 <+256>:	pcaddu18i   	$ra, 668
   0x00005555581770e4 <+260>:	jirl        	$ra, $ra, 69808
End of assembler dump.

```

**Comment by darkyzhou** [comment]
UPDATE: It seems v39.2.3 runs fine on 4k page-size kernel, and my VSCodium 1.108 just works.

Not sure what was the reason, still need to investigate.

<img width="978" height="572" alt="Image" src="https://github.com/user-attachments/assets/f7913cd1-35e2-44df-80ea-665fd650b5c1" />
